<?xml version="1.0" encoding="UTF-8"?>
<testng-results ignored="0" total="1" passed="1" failed="0" skipped="0">
  <reporter-output>
  </reporter-output>
  <suite started-at="2026-04-19T19:51:16 IST" name="Default suite" finished-at="2026-04-19T19:51:39 IST" duration-ms="23455">
    <groups>
    </groups>
    <test started-at="2026-04-19T19:51:16 IST" name="Default test" finished-at="2026-04-19T19:51:39 IST" duration-ms="23455">
      <class name="tests.SauceDemoTest">
        <test-method is-config="true" signature="setUp()[pri:0, instance:tests.SauceDemoTest@4c371370]" started-at="2026-04-19T19:51:16 IST" name="setUp" finished-at="2026-04-19T19:51:32 IST" duration-ms="16455" status="PASS">
          <reporter-output>
          </reporter-output>
        </test-method> <!-- setUp -->
        <test-method signature="testOrderFlow()[pri:0, instance:tests.SauceDemoTest@4c371370]" started-at="2026-04-19T19:51:32 IST" name="testOrderFlow" finished-at="2026-04-19T19:51:38 IST" duration-ms="6086" status="PASS">
          <reporter-output>
          </reporter-output>
        </test-method> <!-- testOrderFlow -->
        <test-method is-config="true" signature="tearDown()[pri:0, instance:tests.SauceDemoTest@4c371370]" started-at="2026-04-19T19:51:38 IST" name="tearDown" finished-at="2026-04-19T19:51:39 IST" duration-ms="831" status="PASS">
          <reporter-output>
          </reporter-output>
        </test-method> <!-- tearDown -->
      </class> <!-- tests.SauceDemoTest -->
    </test> <!-- Default test -->
  </suite> <!-- Default suite -->
</testng-results>
